<?xml version="1.0" encoding="UTF-8"?>
<!-- Generated by org.testng.reporters.JUnitXMLReporter -->
<testsuite ignored="0" hostname="Bapu" failures="0" tests="66" name="BasicScenarios" time="298.305" errors="0" timestamp="2022-06-11T23:20:25 IST">
  <testcase classname="com.sgtesting.testngadvance.AdvanceOne" name="launchBrowser" time="6.214"/>
  <testcase classname="com.sgtesting.testngadvance.AdvanceOne" name="navigate" time="4.879"/>
  <testcase classname="com.sgtesting.testngadvance.AdvanceOne" name="login" time="3.201"/>
  <testcase classname="com.sgtesting.testngadvance.AdvanceOne" name="minimizeFlyOutWindow" time="0.136"/>
  <testcase classname="com.sgtesting.testngadvance.AdvanceOne" name="createUser1User2User3" time="82.232"/>
  <testcase classname="com.sgtesting.testngadvance.AdvanceOne" name="logout" time="3.271"/>
  <testcase classname="com.sgtesting.testngadvance.AdvanceOne" name="loginUser1" time="9.389"/>
  <testcase classname="com.sgtesting.testngadvance.AdvanceOne" name="logoutUser1" time="0.036"/>
  <testcase classname="com.sgtesting.testngadvance.AdvanceOne" name="loginUser2" time="9.4"/>
  <testcase classname="com.sgtesting.testngadvance.AdvanceOne" name="logoutUser2" time="0.036"/>
  <testcase classname="com.sgtesting.testngadvance.AdvanceOne" name="loginUser3" time="9.416"/>
  <testcase classname="com.sgtesting.testngadvance.AdvanceOne" name="logoutUser3" time="0.033"/>
  <testcase classname="com.sgtesting.testngadvance.AdvanceOne" name="loginA" time="3.275"/>
  <testcase classname="com.sgtesting.testngadvance.AdvanceOne" name="modifyUser1User2User3" time="5.692"/>
  <testcase classname="com.sgtesting.testngadvance.AdvanceOne" name="logoutA" time="3.318"/>
  <testcase classname="com.sgtesting.testngadvance.AdvanceOne" name="loginUser1A" time="9.342"/>
  <testcase classname="com.sgtesting.testngadvance.AdvanceOne" name="logoutUser1A" time="0.055"/>
  <testcase classname="com.sgtesting.testngadvance.AdvanceOne" name="loginUser2A" time="9.262"/>
  <testcase classname="com.sgtesting.testngadvance.AdvanceOne" name="logoutUser2A" time="0.049"/>
  <testcase classname="com.sgtesting.testngadvance.AdvanceOne" name="loginUser3A" time="9.254"/>
  <testcase classname="com.sgtesting.testngadvance.AdvanceOne" name="logoutUser3A" time="0.07"/>
  <testcase classname="com.sgtesting.testngadvance.AdvanceOne" name="loginB" time="3.255"/>
  <testcase classname="com.sgtesting.testngadvance.AdvanceOne" name="deleteUser1" time="5.631"/>
  <testcase classname="com.sgtesting.testngadvance.AdvanceOne" name="deleteUser2" time="0.031"/>
  <testcase classname="com.sgtesting.testngadvance.AdvanceOne" name="deleteUser3" time="0.02"/>
  <testcase classname="com.sgtesting.testngadvance.AdvanceOne" name="logoutB" time="3.239"/>
  <testcase classname="com.sgtesting.testngadvance.AdvanceOne" name="closeApplication" time="3.131"/>
  <testcase classname="com.sgtesting.testngadvance.AdvanceTwo" name="launchBrowser" time="1.294"/>
  <testcase classname="com.sgtesting.testngadvance.AdvanceTwo" name="navigate" time="5.967"/>
  <testcase classname="com.sgtesting.testngadvance.AdvanceTwo" name="login" time="4.197"/>
  <testcase classname="com.sgtesting.testngadvance.AdvanceTwo" name="minimizeFlyOutWindow" time="0.066"/>
  <testcase classname="com.sgtesting.testngadvance.AdvanceTwo" name="createUser1" time="11.869"/>
  <testcase classname="com.sgtesting.testngadvance.AdvanceTwo" name="logout" time="2.283"/>
  <testcase classname="com.sgtesting.testngadvance.AdvanceTwo" name="loginUser1" time="4.348"/>
  <testcase classname="com.sgtesting.testngadvance.AdvanceTwo" name="createUser2" time="0.022"/>
  <testcase classname="com.sgtesting.testngadvance.AdvanceTwo" name="logoutuser1" time="0.028"/>
  <testcase classname="com.sgtesting.testngadvance.AdvanceTwo" name="loginUser2" time="6.308"/>
  <testcase classname="com.sgtesting.testngadvance.AdvanceTwo" name="createUser3" time="0.018"/>
  <testcase classname="com.sgtesting.testngadvance.AdvanceTwo" name="logoutuser2" time="0.024"/>
  <testcase classname="com.sgtesting.testngadvance.AdvanceTwo" name="loginUser3" time="6.336"/>
  <testcase classname="com.sgtesting.testngadvance.AdvanceTwo" name="logoutUser3" time="0.029"/>
  <testcase classname="com.sgtesting.testngadvance.AdvanceTwo" name="loginUser2a" time="6.245"/>
  <testcase classname="com.sgtesting.testngadvance.AdvanceTwo" name="modifyPasswordUser3" time="0.056"/>
  <testcase classname="com.sgtesting.testngadvance.AdvanceTwo" name="logoutuser2a" time="0.028"/>
  <testcase classname="com.sgtesting.testngadvance.AdvanceTwo" name="loginUser3a" time="6.273"/>
  <testcase classname="com.sgtesting.testngadvance.AdvanceTwo" name="logoutuser3a" time="0.05"/>
  <testcase classname="com.sgtesting.testngadvance.AdvanceTwo" name="loginUser1a" time="4.201"/>
  <testcase classname="com.sgtesting.testngadvance.AdvanceTwo" name="modifyUSer2a" time="0.045"/>
  <testcase classname="com.sgtesting.testngadvance.AdvanceTwo" name="logoutuser1a" time="0.028"/>
  <testcase classname="com.sgtesting.testngadvance.AdvanceTwo" name="loginUser2amodified" time="6.291"/>
  <testcase classname="com.sgtesting.testngadvance.AdvanceTwo" name="logoutuser2amodified" time="0.074"/>
  <testcase classname="com.sgtesting.testngadvance.AdvanceTwo" name="loginadmin" time="4.257"/>
  <testcase classname="com.sgtesting.testngadvance.AdvanceTwo" name="modifyPasswordUser1" time="11.161"/>
  <testcase classname="com.sgtesting.testngadvance.AdvanceTwo" name="logoutadmin" time="2.279"/>
  <testcase classname="com.sgtesting.testngadvance.AdvanceTwo" name="modifiedloginUser1" time="4.263"/>
  <testcase classname="com.sgtesting.testngadvance.AdvanceTwo" name="modifiedlogoutUser1" time="0.058"/>
  <testcase classname="com.sgtesting.testngadvance.AdvanceTwo" name="newloginUser2a" time="6.21"/>
  <testcase classname="com.sgtesting.testngadvance.AdvanceTwo" name="deleteUser3a" time="0.058"/>
  <testcase classname="com.sgtesting.testngadvance.AdvanceTwo" name="newlogoutUser2a" time="0.022"/>
  <testcase classname="com.sgtesting.testngadvance.AdvanceTwo" name="newloginUser1a" time="4.239"/>
  <testcase classname="com.sgtesting.testngadvance.AdvanceTwo" name="deleteUser2a" time="0.02"/>
  <testcase classname="com.sgtesting.testngadvance.AdvanceTwo" name="newlogoutUser1a" time="0.014"/>
  <testcase classname="com.sgtesting.testngadvance.AdvanceTwo" name="loginadmina" time="4.153"/>
  <testcase classname="com.sgtesting.testngadvance.AdvanceTwo" name="deleteUser1a" time="8.881"/>
  <testcase classname="com.sgtesting.testngadvance.AdvanceTwo" name="logoutadmina" time="2.264"/>
  <testcase classname="com.sgtesting.testngadvance.AdvanceTwo" name="closeApplication" time="0.256"/>
</testsuite> <!-- BasicScenarios -->
