<?xml version="1.0" encoding="UTF-8"?>
<!-- Generated by org.testng.reporters.JUnitXMLReporter -->
<testsuite ignored="0" hostname="Bapu" failures="0" tests="8" name="Default test" time="20.817" errors="0" timestamp="2022-06-12T11:43:44 IST">
  <testcase classname="com.sgtesting.testng.Basic1" name="LaunchBrowser" time="5.061"/>
  <testcase classname="com.sgtesting.testng.Basic1" name="Navigate" time="7.263"/>
  <testcase classname="com.sgtesting.testng.Basic1" name="login" time="5.264"/>
  <testcase classname="com.sgtesting.testng.Basic1" name="minimizewindow" time="0.543"/>
  <testcase classname="com.sgtesting.testng.Basic1" name="createuser" time="1.186"/>
  <testcase classname="com.sgtesting.testng.Basic1" name="deleteuser" time="0.028"/>
  <testcase classname="com.sgtesting.testng.Basic1" name="logout" time="1.112"/>
  <testcase classname="com.sgtesting.testng.Basic1" name="closeAplication" time="0.27"/>
</testsuite> <!-- Default test -->
