<?xml version="1.0" encoding="UTF-8"?>
<testng-results ignored="0" total="8" passed="8" failed="0" skipped="0">
  <reporter-output>
  </reporter-output>
  <suite started-at="2022-06-12T11:43:23 IST" name="Default suite" finished-at="2022-06-12T11:43:44 IST" duration-ms="20817">
    <groups>
    </groups>
    <test started-at="2022-06-12T11:43:23 IST" name="Default test" finished-at="2022-06-12T11:43:44 IST" duration-ms="20817">
      <class name="com.sgtesting.testng.Basic1">
        <test-method signature="LaunchBrowser()[pri:1, instance:com.sgtesting.testng.Basic1@2f217633]" started-at="2022-06-12T11:43:23 IST" name="LaunchBrowser" finished-at="2022-06-12T11:43:28 IST" duration-ms="5061" status="PASS">
          <reporter-output>
          </reporter-output>
        </test-method> <!-- LaunchBrowser -->
        <test-method signature="Navigate()[pri:2, instance:com.sgtesting.testng.Basic1@2f217633]" started-at="2022-06-12T11:43:28 IST" name="Navigate" finished-at="2022-06-12T11:43:35 IST" duration-ms="7263" status="PASS">
          <reporter-output>
          </reporter-output>
        </test-method> <!-- Navigate -->
        <test-method signature="login(java.lang.String,java.lang.String)[pri:3, instance:com.sgtesting.testng.Basic1@2f217633]" started-at="2022-06-12T11:43:35 IST" name="login" data-provider="logindetails" finished-at="2022-06-12T11:43:41 IST" duration-ms="5264" status="PASS">
          <params>
            <param index="0">
              <value>
                <![CDATA[admin]]>
              </value>
            </param>
            <param index="1">
              <value>
                <![CDATA[manager]]>
              </value>
            </param>
          </params>
          <reporter-output>
          </reporter-output>
        </test-method> <!-- login -->
        <test-method signature="minimizewindow()[pri:4, instance:com.sgtesting.testng.Basic1@2f217633]" started-at="2022-06-12T11:43:41 IST" name="minimizewindow" finished-at="2022-06-12T11:43:41 IST" duration-ms="543" status="PASS">
          <reporter-output>
          </reporter-output>
        </test-method> <!-- minimizewindow -->
        <test-method signature="createuser(java.lang.String,java.lang.String,java.lang.String,java.lang.String,java.lang.String,java.lang.String)[pri:5, instance:com.sgtesting.testng.Basic1@2f217633]" started-at="2022-06-12T11:43:41 IST" name="createuser" data-provider="creteuserlogindetails" finished-at="2022-06-12T11:43:42 IST" duration-ms="1186" status="PASS">
          <params>
            <param index="0">
              <value>
                <![CDATA[user1]]>
              </value>
            </param>
            <param index="1">
              <value>
                <![CDATA[user1]]>
              </value>
            </param>
            <param index="2">
              <value>
                <![CDATA[user1@gmail.com]]>
              </value>
            </param>
            <param index="3">
              <value>
                <![CDATA[shanth]]>
              </value>
            </param>
            <param index="4">
              <value>
                <![CDATA[user1]]>
              </value>
            </param>
            <param index="5">
              <value>
                <![CDATA[user1]]>
              </value>
            </param>
          </params>
          <reporter-output>
          </reporter-output>
        </test-method> <!-- createuser -->
        <test-method signature="deleteuser()[pri:6, instance:com.sgtesting.testng.Basic1@2f217633]" started-at="2022-06-12T11:43:42 IST" name="deleteuser" finished-at="2022-06-12T11:43:43 IST" duration-ms="28" status="PASS">
          <reporter-output>
          </reporter-output>
        </test-method> <!-- deleteuser -->
        <test-method signature="logout()[pri:7, instance:com.sgtesting.testng.Basic1@2f217633]" started-at="2022-06-12T11:43:43 IST" name="logout" finished-at="2022-06-12T11:43:44 IST" duration-ms="1112" status="PASS">
          <reporter-output>
          </reporter-output>
        </test-method> <!-- logout -->
        <test-method signature="closeAplication()[pri:8, instance:com.sgtesting.testng.Basic1@2f217633]" started-at="2022-06-12T11:43:44 IST" name="closeAplication" finished-at="2022-06-12T11:43:44 IST" duration-ms="270" status="PASS">
          <reporter-output>
          </reporter-output>
        </test-method> <!-- closeAplication -->
      </class> <!-- com.sgtesting.testng.Basic1 -->
    </test> <!-- Default test -->
  </suite> <!-- Default suite -->
</testng-results>
